<?xml version="1.0" encoding="UTF-8"?>
<testsuite xmlns:xsi="http://www.w3.org/2001/XMLSchema-instance" xsi:noNamespaceSchemaLocation="https://maven.apache.org/surefire/maven-surefire-plugin/xsd/surefire-test-report.xsd" name="tests.TestVeiculo" time="31.913" tests="4" errors="0" skipped="0" failures="0">
  <properties>
    <property name="sun.desktop" value="windows"/>
    <property name="awt.toolkit" value="sun.awt.windows.WToolkit"/>
    <property name="java.specification.version" value="11"/>
    <property name="sun.cpu.isalist" value="amd64"/>
    <property name="sun.jnu.encoding" value="Cp1252"/>
    <property name="java.class.path" value="C:\Impulse\Projetos\DEVImpulse\Automacao\frotaflex-teste\target\test-classes;C:\Impulse\Projetos\DEVImpulse\Automacao\frotaflex-teste\target\classes;C:\Maven\rep\org\seleniumhq\selenium\selenium-java\4.1.3\selenium-java-4.1.3.jar;C:\Maven\rep\org\seleniumhq\selenium\selenium-api\4.1.3\selenium-api-4.1.3.jar;C:\Maven\rep\org\seleniumhq\selenium\selenium-chrome-driver\4.1.3\selenium-chrome-driver-4.1.3.jar;C:\Maven\rep\com\google\auto\service\auto-service-annotations\1.0.1\auto-service-annotations-1.0.1.jar;C:\Maven\rep\com\google\auto\service\auto-service\1.0.1\auto-service-1.0.1.jar;C:\Maven\rep\com\google\auto\auto-common\1.2\auto-common-1.2.jar;C:\Maven\rep\com\google\guava\guava\31.1-jre\guava-31.1-jre.jar;C:\Maven\rep\com\google\guava\failureaccess\1.0.1\failureaccess-1.0.1.jar;C:\Maven\rep\com\google\guava\listenablefuture\9999.0-empty-to-avoid-conflict-with-guava\listenablefuture-9999.0-empty-to-avoid-conflict-with-guava.jar;C:\Maven\rep\com\google\code\findbugs\jsr305\3.0.2\jsr305-3.0.2.jar;C:\Maven\rep\com\google\errorprone\error_prone_annotations\2.11.0\error_prone_annotations-2.11.0.jar;C:\Maven\rep\com\google\j2objc\j2objc-annotations\1.3\j2objc-annotations-1.3.jar;C:\Maven\rep\org\seleniumhq\selenium\selenium-chromium-driver\4.1.3\selenium-chromium-driver-4.1.3.jar;C:\Maven\rep\org\seleniumhq\selenium\selenium-json\4.1.3\selenium-json-4.1.3.jar;C:\Maven\rep\org\seleniumhq\selenium\selenium-devtools-v85\4.1.3\selenium-devtools-v85-4.1.3.jar;C:\Maven\rep\org\seleniumhq\selenium\selenium-devtools-v97\4.1.3\selenium-devtools-v97-4.1.3.jar;C:\Maven\rep\org\seleniumhq\selenium\selenium-devtools-v98\4.1.3\selenium-devtools-v98-4.1.3.jar;C:\Maven\rep\org\seleniumhq\selenium\selenium-devtools-v99\4.1.3\selenium-devtools-v99-4.1.3.jar;C:\Maven\rep\org\seleniumhq\selenium\selenium-edge-driver\4.1.3\selenium-edge-driver-4.1.3.jar;C:\Maven\rep\org\seleniumhq\selenium\selenium-firefox-driver\4.1.3\selenium-firefox-driver-4.1.3.jar;C:\Maven\rep\org\seleniumhq\selenium\selenium-ie-driver\4.1.3\selenium-ie-driver-4.1.3.jar;C:\Maven\rep\org\seleniumhq\selenium\selenium-opera-driver\4.1.3\selenium-opera-driver-4.1.3.jar;C:\Maven\rep\org\seleniumhq\selenium\selenium-remote-driver\4.1.3\selenium-remote-driver-4.1.3.jar;C:\Maven\rep\com\beust\jcommander\1.82\jcommander-1.82.jar;C:\Maven\rep\io\netty\netty-buffer\4.1.75.Final\netty-buffer-4.1.75.Final.jar;C:\Maven\rep\io\netty\netty-codec-http\4.1.75.Final\netty-codec-http-4.1.75.Final.jar;C:\Maven\rep\io\netty\netty-codec\4.1.75.Final\netty-codec-4.1.75.Final.jar;C:\Maven\rep\io\netty\netty-handler\4.1.75.Final\netty-handler-4.1.75.Final.jar;C:\Maven\rep\io\netty\netty-common\4.1.75.Final\netty-common-4.1.75.Final.jar;C:\Maven\rep\io\netty\netty-transport-classes-epoll\4.1.75.Final\netty-transport-classes-epoll-4.1.75.Final.jar;C:\Maven\rep\io\netty\netty-transport-classes-kqueue\4.1.75.Final\netty-transport-classes-kqueue-4.1.75.Final.jar;C:\Maven\rep\io\netty\netty-transport-native-epoll\4.1.75.Final\netty-transport-native-epoll-4.1.75.Final.jar;C:\Maven\rep\io\netty\netty-transport-native-kqueue\4.1.75.Final\netty-transport-native-kqueue-4.1.75.Final.jar;C:\Maven\rep\io\netty\netty-transport-native-unix-common\4.1.75.Final\netty-transport-native-unix-common-4.1.75.Final.jar;C:\Maven\rep\io\netty\netty-transport\4.1.75.Final\netty-transport-4.1.75.Final.jar;C:\Maven\rep\io\netty\netty-resolver\4.1.75.Final\netty-resolver-4.1.75.Final.jar;C:\Maven\rep\io\opentelemetry\opentelemetry-api\1.12.0\opentelemetry-api-1.12.0.jar;C:\Maven\rep\io\opentelemetry\opentelemetry-context\1.12.0\opentelemetry-context-1.12.0.jar;C:\Maven\rep\io\opentelemetry\opentelemetry-exporter-logging\1.12.0\opentelemetry-exporter-logging-1.12.0.jar;C:\Maven\rep\io\opentelemetry\opentelemetry-sdk-metrics\1.12.0-alpha\opentelemetry-sdk-metrics-1.12.0-alpha.jar;C:\Maven\rep\io\opentelemetry\opentelemetry-sdk-logs\1.12.0-alpha\opentelemetry-sdk-logs-1.12.0-alpha.jar;C:\Maven\rep\io\opentelemetry\opentelemetry-sdk-common\1.12.0\opentelemetry-sdk-common-1.12.0.jar;C:\Maven\rep\io\opentelemetry\opentelemetry-sdk-extension-autoconfigure-spi\1.12.0\opentelemetry-sdk-extension-autoconfigure-spi-1.12.0.jar;C:\Maven\rep\io\opentelemetry\opentelemetry-sdk-extension-autoconfigure\1.12.0-alpha\opentelemetry-sdk-extension-autoconfigure-1.12.0-alpha.jar;C:\Maven\rep\io\opentelemetry\opentelemetry-sdk-trace\1.12.0\opentelemetry-sdk-trace-1.12.0.jar;C:\Maven\rep\io\opentelemetry\opentelemetry-sdk\1.12.0\opentelemetry-sdk-1.12.0.jar;C:\Maven\rep\io\opentelemetry\opentelemetry-semconv\1.12.0-alpha\opentelemetry-semconv-1.12.0-alpha.jar;C:\Maven\rep\io\ous\jtoml\2.0.0\jtoml-2.0.0.jar;C:\Maven\rep\net\bytebuddy\byte-buddy\1.12.8\byte-buddy-1.12.8.jar;C:\Maven\rep\org\apache\commons\commons-exec\1.3\commons-exec-1.3.jar;C:\Maven\rep\org\asynchttpclient\async-http-client\2.12.3\async-http-client-2.12.3.jar;C:\Maven\rep\org\asynchttpclient\async-http-client-netty-utils\2.12.3\async-http-client-netty-utils-2.12.3.jar;C:\Maven\rep\io\netty\netty-codec-socks\4.1.60.Final\netty-codec-socks-4.1.60.Final.jar;C:\Maven\rep\io\netty\netty-handler-proxy\4.1.60.Final\netty-handler-proxy-4.1.60.Final.jar;C:\Maven\rep\io\netty\netty-transport-native-epoll\4.1.60.Final\netty-transport-native-epoll-4.1.60.Final-linux-x86_64.jar;C:\Maven\rep\io\netty\netty-transport-native-kqueue\4.1.60.Final\netty-transport-native-kqueue-4.1.60.Final-osx-x86_64.jar;C:\Maven\rep\org\reactivestreams\reactive-streams\1.0.3\reactive-streams-1.0.3.jar;C:\Maven\rep\com\typesafe\netty\netty-reactive-streams\2.0.4\netty-reactive-streams-2.0.4.jar;C:\Maven\rep\org\slf4j\slf4j-api\1.7.30\slf4j-api-1.7.30.jar;C:\Maven\rep\com\sun\activation\jakarta.activation\1.2.2\jakarta.activation-1.2.2.jar;C:\Maven\rep\org\seleniumhq\selenium\selenium-http\4.1.3\selenium-http-4.1.3.jar;C:\Maven\rep\dev\failsafe\failsafe\3.2.3\failsafe-3.2.3.jar;C:\Maven\rep\org\seleniumhq\selenium\selenium-safari-driver\4.1.3\selenium-safari-driver-4.1.3.jar;C:\Maven\rep\org\seleniumhq\selenium\selenium-support\4.1.3\selenium-support-4.1.3.jar;C:\Maven\rep\org\junit\jupiter\junit-jupiter\5.8.2\junit-jupiter-5.8.2.jar;C:\Maven\rep\org\junit\jupiter\junit-jupiter-api\5.8.2\junit-jupiter-api-5.8.2.jar;C:\Maven\rep\org\opentest4j\opentest4j\1.2.0\opentest4j-1.2.0.jar;C:\Maven\rep\org\junit\platform\junit-platform-commons\1.8.2\junit-platform-commons-1.8.2.jar;C:\Maven\rep\org\junit\jupiter\junit-jupiter-params\5.8.2\junit-jupiter-params-5.8.2.jar;C:\Maven\rep\org\junit\jupiter\junit-jupiter-engine\5.8.2\junit-jupiter-engine-5.8.2.jar;C:\Maven\rep\org\junit\vintage\junit-vintage-engine\5.7.0\junit-vintage-engine-5.7.0.jar;C:\Maven\rep\org\apiguardian\apiguardian-api\1.1.0\apiguardian-api-1.1.0.jar;C:\Maven\rep\org\junit\platform\junit-platform-engine\1.7.0\junit-platform-engine-1.7.0.jar;C:\Maven\rep\junit\junit\4.13\junit-4.13.jar;C:\Maven\rep\org\hamcrest\hamcrest-core\1.3\hamcrest-core-1.3.jar;C:\Maven\rep\org\postgresql\postgresql\42.2.20\postgresql-42.2.20.jar;C:\Maven\rep\org\checkerframework\checker-qual\3.5.0\checker-qual-3.5.0.jar;"/>
    <property name="java.vm.vendor" value="Amazon.com Inc."/>
    <property name="sun.arch.data.model" value="64"/>
    <property name="user.variant" value=""/>
    <property name="java.vendor.url" value="https://aws.amazon.com/corretto/"/>
    <property name="user.timezone" value="America/Sao_Paulo"/>
    <property name="java.vm.specification.version" value="11"/>
    <property name="os.name" value="Windows 10"/>
    <property name="sun.java.launcher" value="SUN_STANDARD"/>
    <property name="user.country" value="BR"/>
    <property name="sun.boot.library.path" value="C:\Program Files\Amazon Corretto\jdk11.0.12_7\bin"/>
    <property name="sun.java.command" value="C:\Users\welli\AppData\Local\Temp\surefire10377729212967774502\surefirebooter9711761675319047216.jar C:\Users\welli\AppData\Local\Temp\surefire10377729212967774502 2022-04-09T23-58-08_493-jvmRun1 surefire4597657734734981769tmp surefire_011126039650607461426tmp"/>
    <property name="jdk.debug" value="release"/>
    <property name="surefire.test.class.path" value="C:\Impulse\Projetos\DEVImpulse\Automacao\frotaflex-teste\target\test-classes;C:\Impulse\Projetos\DEVImpulse\Automacao\frotaflex-teste\target\classes;C:\Maven\rep\org\seleniumhq\selenium\selenium-java\4.1.3\selenium-java-4.1.3.jar;C:\Maven\rep\org\seleniumhq\selenium\selenium-api\4.1.3\selenium-api-4.1.3.jar;C:\Maven\rep\org\seleniumhq\selenium\selenium-chrome-driver\4.1.3\selenium-chrome-driver-4.1.3.jar;C:\Maven\rep\com\google\auto\service\auto-service-annotations\1.0.1\auto-service-annotations-1.0.1.jar;C:\Maven\rep\com\google\auto\service\auto-service\1.0.1\auto-service-1.0.1.jar;C:\Maven\rep\com\google\auto\auto-common\1.2\auto-common-1.2.jar;C:\Maven\rep\com\google\guava\guava\31.1-jre\guava-31.1-jre.jar;C:\Maven\rep\com\google\guava\failureaccess\1.0.1\failureaccess-1.0.1.jar;C:\Maven\rep\com\google\guava\listenablefuture\9999.0-empty-to-avoid-conflict-with-guava\listenablefuture-9999.0-empty-to-avoid-conflict-with-guava.jar;C:\Maven\rep\com\google\code\findbugs\jsr305\3.0.2\jsr305-3.0.2.jar;C:\Maven\rep\com\google\errorprone\error_prone_annotations\2.11.0\error_prone_annotations-2.11.0.jar;C:\Maven\rep\com\google\j2objc\j2objc-annotations\1.3\j2objc-annotations-1.3.jar;C:\Maven\rep\org\seleniumhq\selenium\selenium-chromium-driver\4.1.3\selenium-chromium-driver-4.1.3.jar;C:\Maven\rep\org\seleniumhq\selenium\selenium-json\4.1.3\selenium-json-4.1.3.jar;C:\Maven\rep\org\seleniumhq\selenium\selenium-devtools-v85\4.1.3\selenium-devtools-v85-4.1.3.jar;C:\Maven\rep\org\seleniumhq\selenium\selenium-devtools-v97\4.1.3\selenium-devtools-v97-4.1.3.jar;C:\Maven\rep\org\seleniumhq\selenium\selenium-devtools-v98\4.1.3\selenium-devtools-v98-4.1.3.jar;C:\Maven\rep\org\seleniumhq\selenium\selenium-devtools-v99\4.1.3\selenium-devtools-v99-4.1.3.jar;C:\Maven\rep\org\seleniumhq\selenium\selenium-edge-driver\4.1.3\selenium-edge-driver-4.1.3.jar;C:\Maven\rep\org\seleniumhq\selenium\selenium-firefox-driver\4.1.3\selenium-firefox-driver-4.1.3.jar;C:\Maven\rep\org\seleniumhq\selenium\selenium-ie-driver\4.1.3\selenium-ie-driver-4.1.3.jar;C:\Maven\rep\org\seleniumhq\selenium\selenium-opera-driver\4.1.3\selenium-opera-driver-4.1.3.jar;C:\Maven\rep\org\seleniumhq\selenium\selenium-remote-driver\4.1.3\selenium-remote-driver-4.1.3.jar;C:\Maven\rep\com\beust\jcommander\1.82\jcommander-1.82.jar;C:\Maven\rep\io\netty\netty-buffer\4.1.75.Final\netty-buffer-4.1.75.Final.jar;C:\Maven\rep\io\netty\netty-codec-http\4.1.75.Final\netty-codec-http-4.1.75.Final.jar;C:\Maven\rep\io\netty\netty-codec\4.1.75.Final\netty-codec-4.1.75.Final.jar;C:\Maven\rep\io\netty\netty-handler\4.1.75.Final\netty-handler-4.1.75.Final.jar;C:\Maven\rep\io\netty\netty-common\4.1.75.Final\netty-common-4.1.75.Final.jar;C:\Maven\rep\io\netty\netty-transport-classes-epoll\4.1.75.Final\netty-transport-classes-epoll-4.1.75.Final.jar;C:\Maven\rep\io\netty\netty-transport-classes-kqueue\4.1.75.Final\netty-transport-classes-kqueue-4.1.75.Final.jar;C:\Maven\rep\io\netty\netty-transport-native-epoll\4.1.75.Final\netty-transport-native-epoll-4.1.75.Final.jar;C:\Maven\rep\io\netty\netty-transport-native-kqueue\4.1.75.Final\netty-transport-native-kqueue-4.1.75.Final.jar;C:\Maven\rep\io\netty\netty-transport-native-unix-common\4.1.75.Final\netty-transport-native-unix-common-4.1.75.Final.jar;C:\Maven\rep\io\netty\netty-transport\4.1.75.Final\netty-transport-4.1.75.Final.jar;C:\Maven\rep\io\netty\netty-resolver\4.1.75.Final\netty-resolver-4.1.75.Final.jar;C:\Maven\rep\io\opentelemetry\opentelemetry-api\1.12.0\opentelemetry-api-1.12.0.jar;C:\Maven\rep\io\opentelemetry\opentelemetry-context\1.12.0\opentelemetry-context-1.12.0.jar;C:\Maven\rep\io\opentelemetry\opentelemetry-exporter-logging\1.12.0\opentelemetry-exporter-logging-1.12.0.jar;C:\Maven\rep\io\opentelemetry\opentelemetry-sdk-metrics\1.12.0-alpha\opentelemetry-sdk-metrics-1.12.0-alpha.jar;C:\Maven\rep\io\opentelemetry\opentelemetry-sdk-logs\1.12.0-alpha\opentelemetry-sdk-logs-1.12.0-alpha.jar;C:\Maven\rep\io\opentelemetry\opentelemetry-sdk-common\1.12.0\opentelemetry-sdk-common-1.12.0.jar;C:\Maven\rep\io\opentelemetry\opentelemetry-sdk-extension-autoconfigure-spi\1.12.0\opentelemetry-sdk-extension-autoconfigure-spi-1.12.0.jar;C:\Maven\rep\io\opentelemetry\opentelemetry-sdk-extension-autoconfigure\1.12.0-alpha\opentelemetry-sdk-extension-autoconfigure-1.12.0-alpha.jar;C:\Maven\rep\io\opentelemetry\opentelemetry-sdk-trace\1.12.0\opentelemetry-sdk-trace-1.12.0.jar;C:\Maven\rep\io\opentelemetry\opentelemetry-sdk\1.12.0\opentelemetry-sdk-1.12.0.jar;C:\Maven\rep\io\opentelemetry\opentelemetry-semconv\1.12.0-alpha\opentelemetry-semconv-1.12.0-alpha.jar;C:\Maven\rep\io\ous\jtoml\2.0.0\jtoml-2.0.0.jar;C:\Maven\rep\net\bytebuddy\byte-buddy\1.12.8\byte-buddy-1.12.8.jar;C:\Maven\rep\org\apache\commons\commons-exec\1.3\commons-exec-1.3.jar;C:\Maven\rep\org\asynchttpclient\async-http-client\2.12.3\async-http-client-2.12.3.jar;C:\Maven\rep\org\asynchttpclient\async-http-client-netty-utils\2.12.3\async-http-client-netty-utils-2.12.3.jar;C:\Maven\rep\io\netty\netty-codec-socks\4.1.60.Final\netty-codec-socks-4.1.60.Final.jar;C:\Maven\rep\io\netty\netty-handler-proxy\4.1.60.Final\netty-handler-proxy-4.1.60.Final.jar;C:\Maven\rep\io\netty\netty-transport-native-epoll\4.1.60.Final\netty-transport-native-epoll-4.1.60.Final-linux-x86_64.jar;C:\Maven\rep\io\netty\netty-transport-native-kqueue\4.1.60.Final\netty-transport-native-kqueue-4.1.60.Final-osx-x86_64.jar;C:\Maven\rep\org\reactivestreams\reactive-streams\1.0.3\reactive-streams-1.0.3.jar;C:\Maven\rep\com\typesafe\netty\netty-reactive-streams\2.0.4\netty-reactive-streams-2.0.4.jar;C:\Maven\rep\org\slf4j\slf4j-api\1.7.30\slf4j-api-1.7.30.jar;C:\Maven\rep\com\sun\activation\jakarta.activation\1.2.2\jakarta.activation-1.2.2.jar;C:\Maven\rep\org\seleniumhq\selenium\selenium-http\4.1.3\selenium-http-4.1.3.jar;C:\Maven\rep\dev\failsafe\failsafe\3.2.3\failsafe-3.2.3.jar;C:\Maven\rep\org\seleniumhq\selenium\selenium-safari-driver\4.1.3\selenium-safari-driver-4.1.3.jar;C:\Maven\rep\org\seleniumhq\selenium\selenium-support\4.1.3\selenium-support-4.1.3.jar;C:\Maven\rep\org\junit\jupiter\junit-jupiter\5.8.2\junit-jupiter-5.8.2.jar;C:\Maven\rep\org\junit\jupiter\junit-jupiter-api\5.8.2\junit-jupiter-api-5.8.2.jar;C:\Maven\rep\org\opentest4j\opentest4j\1.2.0\opentest4j-1.2.0.jar;C:\Maven\rep\org\junit\platform\junit-platform-commons\1.8.2\junit-platform-commons-1.8.2.jar;C:\Maven\rep\org\junit\jupiter\junit-jupiter-params\5.8.2\junit-jupiter-params-5.8.2.jar;C:\Maven\rep\org\junit\jupiter\junit-jupiter-engine\5.8.2\junit-jupiter-engine-5.8.2.jar;C:\Maven\rep\org\junit\vintage\junit-vintage-engine\5.7.0\junit-vintage-engine-5.7.0.jar;C:\Maven\rep\org\apiguardian\apiguardian-api\1.1.0\apiguardian-api-1.1.0.jar;C:\Maven\rep\org\junit\platform\junit-platform-engine\1.7.0\junit-platform-engine-1.7.0.jar;C:\Maven\rep\junit\junit\4.13\junit-4.13.jar;C:\Maven\rep\org\hamcrest\hamcrest-core\1.3\hamcrest-core-1.3.jar;C:\Maven\rep\org\postgresql\postgresql\42.2.20\postgresql-42.2.20.jar;C:\Maven\rep\org\checkerframework\checker-qual\3.5.0\checker-qual-3.5.0.jar;"/>
    <property name="sun.cpu.endian" value="little"/>
    <property name="user.home" value="C:\Users\welli"/>
    <property name="user.language" value="pt"/>
    <property name="java.specification.vendor" value="Oracle Corporation"/>
    <property name="java.version.date" value="2021-07-20"/>
    <property name="java.home" value="C:\Program Files\Amazon Corretto\jdk11.0.12_7"/>
    <property name="file.separator" value="\"/>
    <property name="basedir" value="C:\Impulse\Projetos\DEVImpulse\Automacao\frotaflex-teste"/>
    <property name="java.vm.compressedOopsMode" value="Zero based"/>
    <property name="line.separator" value="&#10;"/>
    <property name="java.specification.name" value="Java Platform API Specification"/>
    <property name="java.vm.specification.vendor" value="Oracle Corporation"/>
    <property name="java.awt.graphicsenv" value="sun.awt.Win32GraphicsEnvironment"/>
    <property name="surefire.real.class.path" value="C:\Users\welli\AppData\Local\Temp\surefire10377729212967774502\surefirebooter9711761675319047216.jar"/>
    <property name="user.script" value=""/>
    <property name="sun.management.compiler" value="HotSpot 64-Bit Tiered Compilers"/>
    <property name="java.runtime.version" value="11.0.12+7-LTS"/>
    <property name="user.name" value="welli"/>
    <property name="path.separator" value=";"/>
    <property name="os.version" value="10.0"/>
    <property name="java.runtime.name" value="OpenJDK Runtime Environment"/>
    <property name="file.encoding" value="Cp1252"/>
    <property name="java.vm.name" value="OpenJDK 64-Bit Server VM"/>
    <property name="java.vendor.version" value="Corretto-11.0.12.7.1"/>
    <property name="localRepository" value="C:\Maven\rep"/>
    <property name="java.vendor.url.bug" value="https://github.com/corretto/corretto-11/issues/"/>
    <property name="java.io.tmpdir" value="C:\Users\welli\AppData\Local\Temp\"/>
    <property name="java.version" value="11.0.12"/>
    <property name="user.dir" value="C:\Impulse\Projetos\DEVImpulse\Automacao\frotaflex-teste"/>
    <property name="os.arch" value="amd64"/>
    <property name="java.vm.specification.name" value="Java Virtual Machine Specification"/>
    <property name="java.awt.printerjob" value="sun.awt.windows.WPrinterJob"/>
    <property name="sun.os.patch.level" value=""/>
    <property name="java.library.path" value="C:\Program Files\Amazon Corretto\jdk11.0.12_7\bin;C:\WINDOWS\Sun\Java\bin;C:\WINDOWS\system32;C:\WINDOWS;C:\DPOS8\bin;C:\WINDOWS\system32;C:\WINDOWS;C:\WINDOWS\System32\Wbem;C:\WINDOWS\System32\WindowsPowerShell\v1.0\;C:\WINDOWS\System32\OpenSSH\;C:\Program Files\Docker\Docker\resources\bin;C:\ProgramData\DockerDesktop\version-bin;C:\Program Files\Git\cmd;C:\Maven\bin;C:\Program Files\Amazon Corretto\jdk11.0.12_7\bin;C:\ProgramData\chocolatey\bin;C:\Users\welli\AppData\Local\Android\Sdk\platform-tools;C:\Program Files\nodejs\;C:\Program Files\dotnet\;C:\Program Files\Amazon Corretto\jdk11.0.12_7\bin;C:\Program Files\Amazon Corretto\jdk11.0.12_7;C:\Users\welli\AppData\Local\Microsoft\WindowsApps;C:\Users\welli\AppData\Local\Programs\Microsoft VS Code\bin;C:\Users\welli\AppData\Roaming\npm;."/>
    <property name="java.vm.info" value="mixed mode"/>
    <property name="java.vendor" value="Amazon.com Inc."/>
    <property name="java.vm.version" value="11.0.12+7-LTS"/>
    <property name="sun.io.unicode.encoding" value="UnicodeLittle"/>
    <property name="java.class.version" value="55.0"/>
  </properties>
  <testcase name="cadastrarVeiculos" classname="tests.TestVeiculo" time="7.744"/>
  <testcase name="veiculoCadastrado" classname="tests.TestVeiculo" time="8.704"/>
  <testcase name="pesquisarPlaca" classname="tests.TestVeiculo" time="7.844"/>
  <testcase name="remover" classname="tests.TestVeiculo" time="7.62"/>
</testsuite>